[2024-03-06 21:48:14] Error 0: Call to undefined method ishop\Db::instance() | File: C:\xampp\htdocs\ishop\vendor\ishop\core\base\Model.php | Line: 14
====================
[2024-03-06 21:48:14] Error 404: Page not found! | File: C:\xampp\htdocs\ishop\vendor\ishop\core\Router.php | Line: 41
====================
[2024-03-06 21:49:39] Error 0: Call to undefined method ishop\Db::instance() | File: C:\xampp\htdocs\ishop\vendor\ishop\core\base\Model.php | Line: 14
====================
[2024-03-06 21:50:46] Error 0: Call to undefined method ishop\Cache::instance() | File: C:\xampp\htdocs\ishop\app\controllers\AppController.php | Line: 22
====================
[2024-03-06 21:51:25] Error 0: Call to undefined method ishop\Cache::instance() | File: C:\xampp\htdocs\ishop\app\widgets\menu\Menu.php | Line: 37
====================
[2024-03-06 21:52:26] Error 0: Identifier does not conform to RedBeanPHP security policies. | File: C:\xampp\htdocs\ishop\vendor\gabordemooij\redbean\RedBeanPHP\QueryWriter\AQueryWriter.php | Line: 871
====================
[2024-03-06 21:53:34] Error 0: Call to undefined method ishop\Cache::instance() | File: C:\xampp\htdocs\ishop\app\widgets\filter\Filter.php | Line: 19
====================
[2024-03-06 21:53:34] Error 404: Page not found! | File: C:\xampp\htdocs\ishop\vendor\ishop\core\Router.php | Line: 41
====================
[2024-03-06 21:53:34] Error 404: Page not found! | File: C:\xampp\htdocs\ishop\vendor\ishop\core\Router.php | Line: 41
====================
[2024-03-06 21:53:34] Error 404: Page not found! | File: C:\xampp\htdocs\ishop\vendor\ishop\core\Router.php | Line: 41
====================
[2024-03-06 21:53:34] Error 404: Page not found! | File: C:\xampp\htdocs\ishop\vendor\ishop\core\Router.php | Line: 41
====================
[2024-03-07 00:01:56] Error 404: Page not found! | File: C:\xampp\htdocs\ishop\vendor\ishop\core\Router.php | Line: 43
====================
[2024-03-07 00:02:00] Error 404: Page not found! | File: C:\xampp\htdocs\ishop\vendor\ishop\core\Router.php | Line: 43
====================
[2024-03-07 00:02:20] Error 404: Page not found! | File: C:\xampp\htdocs\ishop\vendor\ishop\core\Router.php | Line: 43
====================
[2024-03-07 00:02:43] Error 0: Identifier does not conform to RedBeanPHP security policies. | File: C:\xampp\htdocs\ishop\vendor\gabordemooij\redbean\RedBeanPHP\QueryWriter\AQueryWriter.php | Line: 871
====================
[2024-03-07 00:02:56] Error 0: Identifier does not conform to RedBeanPHP security policies. | File: C:\xampp\htdocs\ishop\vendor\gabordemooij\redbean\RedBeanPHP\QueryWriter\AQueryWriter.php | Line: 871
====================
[2024-03-07 00:16:25] Error 404: Page not found! | File: C:\xampp\htdocs\ishop\vendor\ishop\core\Router.php | Line: 43
====================
[2024-03-07 00:47:50] Error 500: Undefined variable $content | File: C:\xampp\htdocs\ishop\app\views\layouts\watches.php | Line: 143
====================
[2024-03-07 00:47:50] Error 404: Page not found! | File: C:\xampp\htdocs\ishop\vendor\ishop\core\Router.php | Line: 43
====================
[2024-03-07 01:18:42] Error 500: htmlspecialchars(): Passing null to parameter #1 ($string) of type string is deprecated | File: C:\xampp\htdocs\ishop\vendor\ishop\core\helpers\functions.php | Line: 21
====================
[2024-03-07 01:20:25] Error 500: htmlspecialchars(): Passing null to parameter #1 ($string) of type string is deprecated | File: C:\xampp\htdocs\ishop\vendor\ishop\core\helpers\functions.php | Line: 21
====================
[2024-03-07 01:20:47] Error 500: htmlspecialchars(): Passing null to parameter #1 ($string) of type string is deprecated | File: C:\xampp\htdocs\ishop\vendor\ishop\core\helpers\functions.php | Line: 21
====================
[2024-03-07 01:21:18] Error 500: htmlspecialchars(): Passing null to parameter #1 ($string) of type string is deprecated | File: C:\xampp\htdocs\ishop\vendor\ishop\core\helpers\functions.php | Line: 21
====================
[2024-03-07 01:21:32] Error 500: htmlspecialchars(): Passing null to parameter #1 ($string) of type string is deprecated | File: C:\xampp\htdocs\ishop\vendor\ishop\core\helpers\functions.php | Line: 21
====================
[2024-03-07 01:22:17] Error 500: htmlspecialchars(): Passing null to parameter #1 ($string) of type string is deprecated | File: C:\xampp\htdocs\ishop\vendor\ishop\core\helpers\functions.php | Line: 21
====================
[2024-03-07 01:22:17] Error 404: Page not found! | File: C:\xampp\htdocs\ishop\vendor\ishop\core\Router.php | Line: 45
====================
[2024-03-07 01:24:04] Error 500: htmlspecialchars(): Passing null to parameter #1 ($string) of type string is deprecated | File: C:\xampp\htdocs\ishop\vendor\ishop\core\helpers\functions.php | Line: 21
====================
[2024-03-07 01:24:04] Error 404: Page not found! | File: C:\xampp\htdocs\ishop\vendor\ishop\core\Router.php | Line: 45
====================
[2024-03-07 22:46:13] Error 404: Page not found! | File: C:\xampp\htdocs\ishop\vendor\ishop\core\Router.php | Line: 45
====================
[2024-03-07 22:53:40] Error 404: Page not found! | File: C:\xampp\htdocs\ishop\vendor\ishop\core\Router.php | Line: 45
====================
[2024-03-07 23:42:15] Error 404: Page not found! | File: C:\xampp\htdocs\ishop\vendor\ishop\core\Router.php | Line: 45
====================
[2024-03-07 23:42:18] Error 0: Identifier does not conform to RedBeanPHP security policies. | File: C:\xampp\htdocs\ishop\vendor\gabordemooij\redbean\RedBeanPHP\QueryWriter\AQueryWriter.php | Line: 851
====================
[2024-03-07 23:42:25] Error 0: Identifier does not conform to RedBeanPHP security policies. | File: C:\xampp\htdocs\ishop\vendor\gabordemooij\redbean\RedBeanPHP\QueryWriter\AQueryWriter.php | Line: 851
====================
[2024-03-07 23:43:01] Error 0: Identifier does not conform to RedBeanPHP security policies. | File: C:\xampp\htdocs\ishop\vendor\gabordemooij\redbean\RedBeanPHP\QueryWriter\AQueryWriter.php | Line: 851
====================
[2024-03-08 01:05:53] Error 0: Identifier does not conform to RedBeanPHP security policies. | File: C:\xampp\htdocs\ishop\vendor\gabordemooij\redbean\RedBeanPHP\QueryWriter\AQueryWriter.php | Line: 851
====================
[2024-03-08 01:05:58] Error 0: Identifier does not conform to RedBeanPHP security policies. | File: C:\xampp\htdocs\ishop\vendor\gabordemooij\redbean\RedBeanPHP\QueryWriter\AQueryWriter.php | Line: 851
====================
[2024-03-10 00:13:19] Error 404: Page not found! | File: C:\xampp\htdocs\ishop\vendor\ishop\Router.php | Line: 43
====================
[2024-03-10 23:07:07] Error 404: Page not found! | File: C:\xampp\htdocs\ishop\vendor\ishop\Router.php | Line: 43
====================
[2024-03-30 23:13:44] Error 404: Page not found! | File: C:\xampp\htdocs\ishop\vendor\ishop\Router.php | Line: 43
====================
[2024-03-30 23:18:35] Error 404: Page not found! | File: C:\xampp\htdocs\ishop\vendor\ishop\Router.php | Line: 43
====================
[2024-03-31 00:35:25] Error 0: Identifier does not conform to RedBeanPHP security policies. | File: C:\xampp\htdocs\ishop\vendor\gabordemooij\redbean\RedBeanPHP\QueryWriter\AQueryWriter.php | Line: 851
====================
[2024-03-31 00:35:25] Error 404: Page not found! | File: C:\xampp\htdocs\ishop\vendor\ishop\Router.php | Line: 43
====================
[2024-03-31 00:36:37] Error 0: Identifier does not conform to RedBeanPHP security policies. | File: C:\xampp\htdocs\ishop\vendor\gabordemooij\redbean\RedBeanPHP\QueryWriter\AQueryWriter.php | Line: 851
====================
[2024-03-31 00:47:51] Error 0: Identifier does not conform to RedBeanPHP security policies. | File: C:\xampp\htdocs\ishop\vendor\gabordemooij\redbean\RedBeanPHP\QueryWriter\AQueryWriter.php | Line: 851
====================
[2024-03-31 00:47:51] Error 404: Page not found! | File: C:\xampp\htdocs\ishop\vendor\ishop\Router.php | Line: 43
====================
